✅ 增强版扩散模型已加载
✅ 高级GNN模型已加载

================================================================================
🚀 ULTIMATE PIPELINE 启动
================================================================================
Using device: cuda:0 (Physical GPU 6)
================================================================================
🚀 ULTIMATE PIPELINE 配置
================================================================================
📊 数据增强:
  - 目标比例: 90.0%
  - 质量阈值: 0.4
  - 采样倍数: 5x

🧠 增强版扩散模型:
  - 启用: True
  - 扩散步数 T: 200
  - 上下文维度: 256
  - 最大尝试: 3

🔗 高级GAT-GNN:
  - 启用: True
  - 隐藏层: 256
  - GAT层数: 4
  - 注意力头: 4
  - 训练轮数: 200

🔗 边预测器:
  - 启用: True
  - 阈值: 0.8
  - Top-K: 5

🎯 训练策略:
  - 交叉验证: 3折
  - 集成学习: 3个模型
  - 设备: cuda:0

📁 输出目录: /mnt/data2/Yang/zhq_pro/method2_ppi_training/Augmented_data_balanced
================================================================================

🔍 找到 2 个训练文件
   找到 3 个测试文件

================================================================================
🚀 ULTIMATE PIPELINE: DNA-573_Train
================================================================================

📊 阶段1: 加载训练数据
